Copyright 1986-2018 Xilinx, Inc. All Rights Reserved.
--------------------------------------------------------------------------------------------
| Tool Version : Vivado v.2018.3_AR71948 (lin64) Build 2405991 Thu Dec  6 23:36:41 MST 2018
| Date         : Wed Nov 20 16:19:32 2019
| Host         : Wei-Berkeley running 64-bit Ubuntu 18.04.3 LTS
| Command      : upgrade_ip
| Device       : xc7k160tffg676-1
--------------------------------------------------------------------------------------------

Upgrade Log for IP 'base_mb_wrc_board_quabo_Light_0_2'

1. Summary
----------

SUCCESS in the upgrade of base_mb_wrc_board_quabo_Light_0_2 from user.org:user:wrc_board_quabo_Light:1.1 (Rev. 45) to user.org:user:wrc_board_quabo_Light:1.2 (Rev. 1)






Copyright 1986-2018 Xilinx, Inc. All Rights Reserved.
--------------------------------------------------------------------------------------------
| Tool Version : Vivado v.2018.3_AR71948 (lin64) Build 2405991 Thu Dec  6 23:36:41 MST 2018
| Date         : Wed Nov 20 16:16:14 2019
| Host         : Wei-Berkeley running 64-bit Ubuntu 18.04.3 LTS
| Command      : upgrade_ip
| Device       : xc7k160tffg676-1
--------------------------------------------------------------------------------------------

Upgrade Log for IP 'base_mb_wrc_board_quabo_Light_0_2'

1. Summary
----------

CAUTION (success, with warnings) in the upgrade of base_mb_wrc_board_quabo_Light_0_2 (user.org:user:wrc_board_quabo_Light:1.1) from (Rev. 44) to (Rev. 45)

2. Interface Information
------------------------

Detected external interface differences while upgrading 'base_mb_wrc_board_quabo_Light_0_2'.


-Upgrade has removed interface 'falsh_spi'

-Upgrade has added interface 'flash_spi' (Wei:user:flash_spi:1.0)







Copyright 1986-2018 Xilinx, Inc. All Rights Reserved.
--------------------------------------------------------------------------------------------
| Tool Version : Vivado v.2018.3_AR71948 (lin64) Build 2405991 Thu Dec  6 23:36:41 MST 2018
| Date         : Wed Nov 20 16:05:34 2019
| Host         : Wei-Berkeley running 64-bit Ubuntu 18.04.3 LTS
| Command      : upgrade_ip
| Device       : xc7k160tffg676-1
--------------------------------------------------------------------------------------------

Upgrade Log for IP 'base_mb_wrc_board_quabo_Light_0_2'

1. Summary
----------

CAUTION (success, with warnings) in the upgrade of base_mb_wrc_board_quabo_Light_0_2 (user.org:user:wrc_board_quabo_Light:1.1) from (Rev. 43) to (Rev. 44)

After upgrade, an IP may have parameter and port differences compared to the original customization. Please review the parameters within the IP customization GUI to ensure proper functionality. Also, please review the updated IP instantiation template to ensure proper connectivity, and update your design if required.

2. Connection Warnings
----------------------

Detected external port differences while upgrading 'base_mb_wrc_board_quabo_Light_0_2'. These changes may impact your design.


-Upgrade has added port 'spi_sclk_o'







Copyright 1986-2018 Xilinx, Inc. All Rights Reserved.
--------------------------------------------------------------------------------------------
| Tool Version : Vivado v.2018.3_AR71948 (lin64) Build 2405991 Thu Dec  6 23:36:41 MST 2018
| Date         : Thu Oct 24 11:27:01 2019
| Host         : Wei-Berkeley running 64-bit Ubuntu 18.04.3 LTS
| Command      : upgrade_ip
| Device       : xc7k160tffg676-1
--------------------------------------------------------------------------------------------

Upgrade Log for IP 'base_mb_wrc_board_quabo_Light_0_2'

1. Summary
----------

CAUTION (success, with warnings) in the upgrade of base_mb_wrc_board_quabo_Light_0_2 from user.org:user:wrc_board_quabo_Light:1.0 (Rev. 40) to user.org:user:wrc_board_quabo_Light:1.1 (Rev. 43)

After upgrade, an IP may have parameter and port differences compared to the original customization. Please review the parameters within the IP customization GUI to ensure proper functionality. Also, please review the updated IP instantiation template to ensure proper connectivity, and update your design if required.

2. Connection Warnings
----------------------

Detected external port differences while upgrading 'base_mb_wrc_board_quabo_Light_0_2'. These changes may impact your design.


-Upgrade has removed port 'clk_ext_10m_n_i'

-Upgrade has removed port 'clk_ext_10m_p_i'

-Upgrade has added port 'clk_ext_10m'







Copyright 1986-2018 Xilinx, Inc. All Rights Reserved.
--------------------------------------------------------------------------------------------
| Tool Version : Vivado v.2018.3_AR71948 (lin64) Build 2405991 Thu Dec  6 23:36:41 MST 2018
| Date         : Wed Oct 16 16:19:28 2019
| Host         : Wei-Berkeley running 64-bit Ubuntu 18.04.3 LTS
| Command      : upgrade_ip
| Device       : xc7k160tffg676-1
--------------------------------------------------------------------------------------------

Upgrade Log for IP 'base_mb_wrc_board_quabo_Light_0_2'

1. Summary
----------

SUCCESS in the upgrade of base_mb_wrc_board_quabo_Light_0_2 (user.org:user:wrc_board_quabo_Light:1.0) from (Rev. 39) to (Rev. 40)






Copyright 1986-2018 Xilinx, Inc. All Rights Reserved.
--------------------------------------------------------------------------------------------
| Tool Version : Vivado v.2018.3_AR71948 (lin64) Build 2405991 Thu Dec  6 23:36:41 MST 2018
| Date         : Wed Oct 16 16:15:15 2019
| Host         : Wei-Berkeley running 64-bit Ubuntu 18.04.3 LTS
| Command      : upgrade_ip
| Device       : xc7k160tffg676-1
--------------------------------------------------------------------------------------------

Upgrade Log for IP 'base_mb_wrc_board_quabo_Light_0_2'

1. Summary
----------

CAUTION (success, with warnings) in the upgrade of base_mb_wrc_board_quabo_Light_0_2 (user.org:user:wrc_board_quabo_Light:1.0) from (Rev. 38) to (Rev. 39)

After upgrade, an IP may have parameter and port differences compared to the original customization. Please review the parameters within the IP customization GUI to ensure proper functionality. Also, please review the updated IP instantiation template to ensure proper connectivity, and update your design if required.

2. Connection Warnings
----------------------

Detected external port differences while upgrading 'base_mb_wrc_board_quabo_Light_0_2'. These changes may impact your design.


-Upgrade has added port 'clk_ext_10m_n_i'

-Upgrade has added port 'clk_ext_10m_p_i'







Copyright 1986-2018 Xilinx, Inc. All Rights Reserved.
--------------------------------------------------------------------------------------------
| Tool Version : Vivado v.2018.3_AR71948 (lin64) Build 2405991 Thu Dec  6 23:36:41 MST 2018
| Date         : Wed Oct 16 15:56:05 2019
| Host         : Wei-Berkeley running 64-bit Ubuntu 18.04.3 LTS
| Command      : upgrade_ip
| Device       : xc7k160tffg676-1
--------------------------------------------------------------------------------------------

Upgrade Log for IP 'base_mb_wrc_board_quabo_Light_0_2'

1. Summary
----------

SUCCESS in the upgrade of base_mb_wrc_board_quabo_Light_0_2 (user.org:user:wrc_board_quabo_Light:1.0) from (Rev. 37) to (Rev. 38)






Copyright 1986-2018 Xilinx, Inc. All Rights Reserved.
--------------------------------------------------------------------------------------------
| Tool Version : Vivado v.2018.3_AR71948 (lin64) Build 2405991 Thu Dec  6 23:36:41 MST 2018
| Date         : Wed Oct 16 15:52:23 2019
| Host         : Wei-Berkeley running 64-bit Ubuntu 18.04.3 LTS
| Command      : upgrade_ip
| Device       : xc7k160tffg676-1
--------------------------------------------------------------------------------------------

Upgrade Log for IP 'base_mb_wrc_board_quabo_Light_0_2'

1. Summary
----------

SUCCESS in the upgrade of base_mb_wrc_board_quabo_Light_0_2 (user.org:user:wrc_board_quabo_Light:1.0) from (Rev. 36) to (Rev. 37)






Copyright 1986-2018 Xilinx, Inc. All Rights Reserved.
--------------------------------------------------------------------------------------------
| Tool Version : Vivado v.2018.3_AR71948 (lin64) Build 2405991 Thu Dec  6 23:36:41 MST 2018
| Date         : Wed Oct 16 15:34:56 2019
| Host         : Wei-Berkeley running 64-bit Ubuntu 18.04.3 LTS
| Command      : upgrade_ip
| Device       : xc7k160tffg676-1
--------------------------------------------------------------------------------------------

Upgrade Log for IP 'base_mb_wrc_board_quabo_Light_0_2'

1. Summary
----------

SUCCESS in the conversion of base_mb_wrc_board_quabo_Light_0_2 (user.org:user:wrc_board_quabo_Light:1.0 (Rev. 36)) to Vivado generation flows.






Copyright 1986-2018 Xilinx, Inc. All Rights Reserved.
--------------------------------------------------------------------------------------------
| Tool Version : Vivado v.2018.3_AR71948 (lin64) Build 2405991 Thu Dec  6 23:36:41 MST 2018
| Date         : Wed Oct 16 14:52:06 2019
| Host         : Wei-Berkeley running 64-bit Ubuntu 18.04.3 LTS
| Command      : upgrade_ip
| Device       : xc7k160tffg676-1
--------------------------------------------------------------------------------------------

Upgrade Log for IP 'base_mb_wrc_board_quabo_Light_0_2'

1. Summary
----------

SUCCESS in the upgrade of base_mb_wrc_board_quabo_Light_0_2 (user.org:user:wrc_board_quabo_Light:1.0) from (Rev. 35) to (Rev. 36)






Copyright 1986-2018 Xilinx, Inc. All Rights Reserved.
--------------------------------------------------------------------------------------------
| Tool Version : Vivado v.2018.3_AR71948 (lin64) Build 2405991 Thu Dec  6 23:36:41 MST 2018
| Date         : Tue Oct 15 13:49:07 2019
| Host         : Wei-Berkeley running 64-bit Ubuntu 18.04.3 LTS
| Command      : upgrade_ip
| Device       : xc7k160tffg676-1
--------------------------------------------------------------------------------------------

Upgrade Log for IP 'base_mb_maroc_slow_control_0_0'

1. Summary
----------

SUCCESS in the conversion of base_mb_maroc_slow_control_0_0 (xilinx.com:user:maroc_slow_control:1.0 (Rev. 3)) to Vivado generation flows.






Copyright 1986-2018 Xilinx, Inc. All Rights Reserved.
--------------------------------------------------------------------------------------------
| Tool Version : Vivado v.2018.3_AR71948 (lin64) Build 2405991 Thu Dec  6 23:36:41 MST 2018
| Date         : Mon Oct 14 16:49:56 2019
| Host         : Wei-Berkeley running 64-bit Ubuntu 18.04.3 LTS
| Command      : upgrade_ip
| Device       : xc7k160tffg676-1
--------------------------------------------------------------------------------------------

Upgrade Log for IP 'base_mb_wrc_board_quabo_Light_0_2'

1. Summary
----------

CAUTION (success, with warnings) in the upgrade of base_mb_wrc_board_quabo_Light_0_2 (user.org:user:wrc_board_quabo_Light:1.0) from (Rev. 34) to (Rev. 35)

After upgrade, an IP may have parameter and port differences compared to the original customization. Please review the parameters within the IP customization GUI to ensure proper functionality. Also, please review the updated IP instantiation template to ensure proper connectivity, and update your design if required.

2. Connection Warnings
----------------------

Detected external port differences while upgrading 'base_mb_wrc_board_quabo_Light_0_2'. These changes may impact your design.


-Upgrade has removed port 'clk_ext_10m_n_i'

-Upgrade has removed port 'clk_ext_10m_p_i'

-Upgrade has removed port 'pps_i'


