23:26:31 INFO  : Launching XSCT server: xsct -n -interactive /media/wei/DATA/LW/quabo_V008/quabo3_Viv20183.sdk/WS3_WR_quabo_quabo/temp_xsdb_launch_script.tcl
23:26:31 INFO  : Registering command handlers for SDK TCF services
23:26:33 INFO  : XSCT server has started successfully.
23:26:33 INFO  : Successfully done setting XSCT server connection channel  
23:26:33 INFO  : Successfully done setting SDK workspace  
23:26:33 INFO  : Processing command line option -hwspec /media/wei/DATA/LW/quabo_V008/quabo3_Viv20183.sdk/WS3_WR_quabo_quabo/base_mb_wrapper.hdf.
23:26:33 INFO  : Checking for hwspec changes in the project base_mb_wrapper_hw_platform_0.
23:28:16 INFO  : Launching XSCT server: xsct -n -interactive /media/wei/DATA/LW/quabo_V008/quabo3_Viv20183.sdk/WS3_WR_quabo_quabo/temp_xsdb_launch_script.tcl
23:28:17 INFO  : Registering command handlers for SDK TCF services
23:28:18 INFO  : XSCT server has started successfully.
23:28:18 INFO  : Successfully done setting XSCT server connection channel  
23:28:18 INFO  : Successfully done setting SDK workspace  
23:28:18 INFO  : Processing command line option -hwspec /media/wei/DATA/LW/quabo_V008/quabo3_Viv20183.sdk/WS3_WR_quabo_quabo/base_mb_wrapper.hdf.
23:28:19 INFO  : Checking for hwspec changes in the project base_mb_wrapper_hw_platform_0.
23:44:27 INFO  : Launching XSCT server: xsct -n -interactive /media/wei/DATA/LW/quabo_V008/quabo3_Viv20183.sdk/WS3_WR_quabo_quabo/temp_xsdb_launch_script.tcl
23:44:27 INFO  : Registering command handlers for SDK TCF services
23:44:29 INFO  : XSCT server has started successfully.
23:44:29 INFO  : Successfully done setting XSCT server connection channel  
23:44:29 INFO  : Successfully done setting SDK workspace  
23:44:29 INFO  : Processing command line option -hwspec /media/wei/DATA/LW/quabo_V008/quabo3_Viv20183.sdk/WS3_WR_quabo_quabo/base_mb_wrapper.hdf.
23:44:29 INFO  : Checking for hwspec changes in the project base_mb_wrapper_hw_platform_0.
23:47:26 INFO  : Launching XSCT server: xsct -n -interactive /media/wei/DATA/LW/quabo_V008/quabo3_Viv20183.sdk/WS3_WR_quabo_quabo/temp_xsdb_launch_script.tcl
23:47:26 INFO  : Registering command handlers for SDK TCF services
23:47:28 INFO  : XSCT server has started successfully.
23:47:28 INFO  : Successfully done setting XSCT server connection channel  
23:47:28 INFO  : Successfully done setting SDK workspace  
23:47:28 INFO  : Processing command line option -hwspec /media/wei/DATA/LW/quabo_V008/quabo3_Viv20183.sdk/WS3_WR_quabo_quabo/base_mb_wrapper.hdf.
23:47:28 INFO  : Checking for hwspec changes in the project base_mb_wrapper_hw_platform_0.
23:47:45 INFO  : Launching XSCT server: xsct -n -interactive /media/wei/DATA/LW/quabo_V008/quabo3_Viv20183.sdk/WS3_WR_quabo_quabo/temp_xsdb_launch_script.tcl
23:47:45 INFO  : Registering command handlers for SDK TCF services
23:47:47 INFO  : XSCT server has started successfully.
23:47:47 INFO  : Successfully done setting XSCT server connection channel  
23:47:47 INFO  : Successfully done setting SDK workspace  
23:47:47 INFO  : Processing command line option -hwspec /media/wei/DATA/LW/quabo_V008/quabo3_Viv20183.sdk/WS3_WR_quabo_quabo/base_mb_wrapper.hdf.
23:47:47 INFO  : Checking for hwspec changes in the project base_mb_wrapper_hw_platform_0.
23:48:04 INFO  : Launching XSCT server: xsct -n -interactive /media/wei/DATA/LW/quabo_V008/quabo3_Viv20183.sdk/WS3_WR_quabo_quabo/temp_xsdb_launch_script.tcl
23:48:04 INFO  : Registering command handlers for SDK TCF services
23:48:06 INFO  : XSCT server has started successfully.
23:48:06 INFO  : Successfully done setting XSCT server connection channel  
23:48:06 INFO  : Successfully done setting SDK workspace  
23:48:06 INFO  : Processing command line option -hwspec /media/wei/DATA/LW/quabo_V008/quabo3_Viv20183.sdk/WS3_WR_quabo_quabo/base_mb_wrapper.hdf.
23:48:06 INFO  : Checking for hwspec changes in the project base_mb_wrapper_hw_platform_0.
23:48:19 INFO  : Launching XSCT server: xsct -n -interactive /media/wei/DATA/LW/quabo_V008/quabo3_Viv20183.sdk/WS3_WR_quabo_quabo/temp_xsdb_launch_script.tcl
23:48:19 INFO  : Registering command handlers for SDK TCF services
23:48:21 INFO  : XSCT server has started successfully.
23:48:21 INFO  : Successfully done setting XSCT server connection channel  
23:48:21 INFO  : Successfully done setting SDK workspace  
23:48:21 INFO  : Processing command line option -hwspec /media/wei/DATA/LW/quabo_V008/quabo3_Viv20183.sdk/WS3_WR_quabo_quabo/base_mb_wrapper.hdf.
23:48:21 INFO  : Checking for hwspec changes in the project base_mb_wrapper_hw_platform_0.
23:52:35 ERROR : Failed to closesw "/media/wei/DATA/LW/quabo_V008/quabo3_Viv20183.sdk/WS3_WR_quabo_quabo/standalone_bsp_0/system.mss"
Reason: Cannot close sw design '/media/wei/DATA/LW/quabo_V008/quabo3_Viv20183.sdk/WS3_WR_quabo_quabo/standalone_bsp_0/system.mss'.
Design is not opened in the current session.


23:53:08 INFO  : No changes in MSS file content so not generating sources.
14:14:06 INFO  : Launching XSCT server: xsct -n -interactive /media/wei/DATA/LW/quabo_V008/quabo3_Viv20183.sdk/WS3_WR_quabo_quabo/temp_xsdb_launch_script.tcl
14:14:09 INFO  : XSCT server has started successfully.
14:14:09 INFO  : Successfully done setting XSCT server connection channel  
14:14:14 INFO  : Successfully done setting SDK workspace  
14:14:24 INFO  : Registering command handlers for SDK TCF services
14:14:24 INFO  : Processing command line option -hwspec /media/wei/DATA/LW/quabo_V008/quabo3_Viv20183.sdk/WS3_WR_quabo_quabo/base_mb_wrapper.hdf.
14:14:24 INFO  : Checking for hwspec changes in the project base_mb_wrapper_hw_platform_0.
14:17:24 INFO  : Connected to target on host '127.0.0.1' and port '3121'.
14:17:24 INFO  : 'targets -set -filter {jtag_cable_name =~ "Platform Cable USB 0000117dd2cb01" && level==0} -index 0' command is executed.
14:17:39 INFO  : FPGA configured successfully with bitstream "/media/wei/DATA/LW/quabo_V008/quabo3_Viv20183.sdk/WS3_WR_quabo_quabo/base_mb_wrapper_hw_platform_0/download.bit"
14:18:51 INFO  : 'targets -set -filter {jtag_cable_name =~ "Platform Cable USB 0000117dd2cb01" && level==0} -index 0' command is executed.
14:18:51 INFO  : 'fpga -state' command is executed.
14:18:51 INFO  : Connected to target on host '127.0.0.1' and port '3121'.
14:18:52 INFO  : Jtag cable 'Platform Cable USB 0000117dd2cb01' is selected.
14:18:52 INFO  : 'jtag frequency' command is executed.
14:18:52 INFO  : 'configparams mdm-detect-bscan-mask 2' command is executed.
14:18:52 INFO  : Context for processor 'microblaze_0' is selected.
14:18:52 INFO  : System reset is completed.
14:18:55 INFO  : 'after 3000' command is executed.
14:18:55 INFO  : Context for processor 'microblaze_0' is selected.
14:18:56 INFO  : The application '/media/wei/DATA/LW/quabo_V008/quabo3_Viv20183.sdk/WS3_WR_quabo_quabo/quabo_service/Debug/quabo_service.elf' is downloaded to processor 'microblaze_0'.
14:18:56 INFO  : ----------------XSDB Script----------------
connect -url tcp:127.0.0.1:3121
configparams mdm-detect-bscan-mask 2
targets -set -nocase -filter {name =~ "microblaze*#0" && bscan=="USER2"  && jtag_cable_name =~ "Platform Cable USB 0000117dd2cb01"} -index 0
rst -system
after 3000
targets -set -nocase -filter {name =~ "microblaze*#0" && bscan=="USER2"  && jtag_cable_name =~ "Platform Cable USB 0000117dd2cb01"} -index 0
dow /media/wei/DATA/LW/quabo_V008/quabo3_Viv20183.sdk/WS3_WR_quabo_quabo/quabo_service/Debug/quabo_service.elf
----------------End of Script----------------

14:18:56 INFO  : Memory regions updated for context MicroBlaze #0
14:18:56 INFO  : Memory regions updated for context MicroBlaze #0
14:18:56 INFO  : Context for processor 'microblaze_0' is selected.
14:18:56 INFO  : 'con' command is executed.
14:18:56 INFO  : ----------------XSDB Script (After Launch)----------------
targets -set -nocase -filter {name =~ "microblaze*#0" && bscan=="USER2"  && jtag_cable_name =~ "Platform Cable USB 0000117dd2cb01"} -index 0
con
----------------End of Script----------------

14:18:56 INFO  : Launch script is exported to file '/media/wei/DATA/LW/quabo_V008/quabo3_Viv20183.sdk/WS3_WR_quabo_quabo/.sdk/launch_scripts/xilinx_c-c++_application_(system_debugger)/system_debugger_on_local.tcl'
14:19:06 INFO  : Disconnected from the channel tcfchan#1.
14:19:07 INFO  : 'targets -set -filter {jtag_cable_name =~ "Platform Cable USB 0000117dd2cb01" && level==0} -index 0' command is executed.
14:19:07 INFO  : 'fpga -state' command is executed.
14:19:07 INFO  : Connected to target on host '127.0.0.1' and port '3121'.
14:19:07 INFO  : Jtag cable 'Platform Cable USB 0000117dd2cb01' is selected.
14:19:07 INFO  : 'jtag frequency' command is executed.
14:19:07 INFO  : 'configparams mdm-detect-bscan-mask 2' command is executed.
14:19:07 INFO  : Context for processor 'microblaze_0' is selected.
14:19:07 INFO  : System reset is completed.
14:19:10 INFO  : 'after 3000' command is executed.
14:19:10 INFO  : Context for processor 'microblaze_0' is selected.
14:19:12 INFO  : The application '/media/wei/DATA/LW/quabo_V008/quabo3_Viv20183.sdk/WS3_WR_quabo_quabo/quabo_service/Debug/quabo_service.elf' is downloaded to processor 'microblaze_0'.
14:19:12 INFO  : ----------------XSDB Script----------------
connect -url tcp:127.0.0.1:3121
configparams mdm-detect-bscan-mask 2
targets -set -nocase -filter {name =~ "microblaze*#0" && bscan=="USER2"  && jtag_cable_name =~ "Platform Cable USB 0000117dd2cb01"} -index 0
rst -system
after 3000
targets -set -nocase -filter {name =~ "microblaze*#0" && bscan=="USER2"  && jtag_cable_name =~ "Platform Cable USB 0000117dd2cb01"} -index 0
dow /media/wei/DATA/LW/quabo_V008/quabo3_Viv20183.sdk/WS3_WR_quabo_quabo/quabo_service/Debug/quabo_service.elf
----------------End of Script----------------

14:19:12 INFO  : Memory regions updated for context MicroBlaze #0
14:19:12 INFO  : Memory regions updated for context MicroBlaze #0
14:19:12 INFO  : Context for processor 'microblaze_0' is selected.
14:19:12 INFO  : 'con' command is executed.
14:19:12 INFO  : ----------------XSDB Script (After Launch)----------------
targets -set -nocase -filter {name =~ "microblaze*#0" && bscan=="USER2"  && jtag_cable_name =~ "Platform Cable USB 0000117dd2cb01"} -index 0
con
----------------End of Script----------------

14:19:12 INFO  : Launch script is exported to file '/media/wei/DATA/LW/quabo_V008/quabo3_Viv20183.sdk/WS3_WR_quabo_quabo/.sdk/launch_scripts/xilinx_c-c++_application_(system_debugger)/system_debugger_on_local.tcl'
14:20:48 INFO  : Disconnected from the channel tcfchan#2.
14:20:51 INFO  : 'targets -set -filter {jtag_cable_name =~ "Platform Cable USB 0000117dd2cb01" && level==0} -index 0' command is executed.
14:20:51 INFO  : 'fpga -state' command is executed.
14:20:51 INFO  : Connected to target on host '127.0.0.1' and port '3121'.
14:20:51 INFO  : Jtag cable 'Platform Cable USB 0000117dd2cb01' is selected.
14:20:51 INFO  : 'jtag frequency' command is executed.
14:20:51 INFO  : 'configparams mdm-detect-bscan-mask 2' command is executed.
14:20:51 INFO  : Context for processor 'microblaze_0' is selected.
14:20:51 INFO  : System reset is completed.
14:20:54 INFO  : 'after 3000' command is executed.
14:20:54 INFO  : Context for processor 'microblaze_0' is selected.
14:20:56 INFO  : The application '/media/wei/DATA/LW/quabo_V008/quabo3_Viv20183.sdk/WS3_WR_quabo_quabo/quabo_service/Debug/quabo_service.elf' is downloaded to processor 'microblaze_0'.
14:20:56 INFO  : ----------------XSDB Script----------------
connect -url tcp:127.0.0.1:3121
configparams mdm-detect-bscan-mask 2
targets -set -nocase -filter {name =~ "microblaze*#0" && bscan=="USER2"  && jtag_cable_name =~ "Platform Cable USB 0000117dd2cb01"} -index 0
rst -system
after 3000
targets -set -nocase -filter {name =~ "microblaze*#0" && bscan=="USER2"  && jtag_cable_name =~ "Platform Cable USB 0000117dd2cb01"} -index 0
dow /media/wei/DATA/LW/quabo_V008/quabo3_Viv20183.sdk/WS3_WR_quabo_quabo/quabo_service/Debug/quabo_service.elf
----------------End of Script----------------

14:20:56 INFO  : Memory regions updated for context MicroBlaze #0
14:20:56 INFO  : Memory regions updated for context MicroBlaze #0
14:20:56 INFO  : Context for processor 'microblaze_0' is selected.
14:20:56 INFO  : 'con' command is executed.
14:20:56 INFO  : ----------------XSDB Script (After Launch)----------------
targets -set -nocase -filter {name =~ "microblaze*#0" && bscan=="USER2"  && jtag_cable_name =~ "Platform Cable USB 0000117dd2cb01"} -index 0
con
----------------End of Script----------------

14:20:56 INFO  : Launch script is exported to file '/media/wei/DATA/LW/quabo_V008/quabo3_Viv20183.sdk/WS3_WR_quabo_quabo/.sdk/launch_scripts/xilinx_c-c++_application_(system_debugger)/system_debugger_on_local.tcl'
14:28:54 INFO  : Connected to target on host '127.0.0.1' and port '3121'.
14:28:54 INFO  : 'targets -set -filter {jtag_cable_name =~ "Platform Cable USB 0000117dd2cb01" && level==0} -index 0' command is executed.
14:29:09 INFO  : FPGA configured successfully with bitstream "/media/wei/DATA/LW/quabo_V008/quabo3_Viv20183.sdk/WS3_WR_quabo_quabo/base_mb_wrapper_hw_platform_0/download.bit"
14:30:07 INFO  : Connected to target on host '127.0.0.1' and port '3121'.
14:30:07 INFO  : 'targets -set -filter {jtag_cable_name =~ "Platform Cable USB 0000117dd2cb01" && level==0} -index 0' command is executed.
14:30:22 INFO  : FPGA configured successfully with bitstream "/media/wei/DATA/LW/quabo_V008/quabo3_Viv20183.sdk/WS3_WR_quabo_quabo/base_mb_wrapper_hw_platform_0/download.bit"
14:31:57 INFO  : Connected to target on host '127.0.0.1' and port '3121'.
14:31:57 INFO  : 'targets -set -filter {jtag_cable_name =~ "Platform Cable USB 0000117dd2cb01" && level==0} -index 0' command is executed.
14:32:11 INFO  : FPGA configured successfully with bitstream "/media/wei/DATA/LW/quabo_V008/quabo3_Viv20183.sdk/WS3_WR_quabo_quabo/base_mb_wrapper_hw_platform_0/download.bit"
14:32:54 INFO  : Connected to target on host '127.0.0.1' and port '3121'.
14:32:54 INFO  : 'targets -set -filter {jtag_cable_name =~ "Platform Cable USB 0000117dd2cb01" && level==0} -index 0' command is executed.
14:33:10 INFO  : FPGA configured successfully with bitstream "/media/wei/DATA/LW/quabo_V008/quabo3_Viv20183.sdk/WS3_WR_quabo_quabo/base_mb_wrapper_hw_platform_0/download.bit"
14:34:47 INFO  : Connected to target on host '127.0.0.1' and port '3121'.
14:34:47 INFO  : 'targets -set -filter {jtag_cable_name =~ "Platform Cable USB 0000117dd2cb01" && level==0} -index 0' command is executed.
14:35:02 INFO  : FPGA configured successfully with bitstream "/media/wei/DATA/LW/quabo_V008/quabo3_Viv20183.sdk/WS3_WR_quabo_quabo/base_mb_wrapper_hw_platform_0/download.bit"
14:35:31 INFO  : Connected to target on host '127.0.0.1' and port '3121'.
14:35:31 INFO  : 'targets -set -filter {jtag_cable_name =~ "Platform Cable USB 0000117dd2cb01" && level==0} -index 0' command is executed.
14:35:45 INFO  : FPGA configured successfully with bitstream "/media/wei/DATA/LW/quabo_V008/quabo3_Viv20183.sdk/WS3_WR_quabo_quabo/base_mb_wrapper_hw_platform_0/download.bit"
14:38:54 INFO  : Refreshed build settings on project hello
14:38:54 INFO  : Refreshed build settings on project quabo_service
14:40:02 INFO  : Connected to target on host '127.0.0.1' and port '3121'.
14:40:02 INFO  : 'targets -set -filter {jtag_cable_name =~ "Platform Cable USB 0000117dd2cb01" && level==0} -index 0' command is executed.
14:40:16 INFO  : FPGA configured successfully with bitstream "/media/wei/DATA/LW/quabo_V008/quabo3_Viv20183.sdk/WS3_WR_quabo_quabo/base_mb_wrapper_hw_platform_0/download.bit"
14:41:14 INFO  : Connected to target on host '127.0.0.1' and port '3121'.
14:41:14 INFO  : 'targets -set -filter {jtag_cable_name =~ "Platform Cable USB 0000117dd2cb01" && level==0} -index 0' command is executed.
14:41:28 INFO  : FPGA configured successfully with bitstream "/media/wei/DATA/LW/quabo_V008/quabo3_Viv20183.sdk/WS3_WR_quabo_quabo/base_mb_wrapper_hw_platform_0/download.bit"
14:42:45 INFO  : Disconnected from the channel tcfchan#3.
14:42:46 INFO  : 'targets -set -filter {jtag_cable_name =~ "Platform Cable USB 0000117dd2cb01" && level==0} -index 0' command is executed.
14:42:46 INFO  : 'fpga -state' command is executed.
14:42:46 INFO  : Connected to target on host '127.0.0.1' and port '3121'.
14:42:46 INFO  : Jtag cable 'Platform Cable USB 0000117dd2cb01' is selected.
14:42:46 INFO  : 'jtag frequency' command is executed.
14:42:46 INFO  : 'configparams mdm-detect-bscan-mask 2' command is executed.
14:42:46 INFO  : Context for processor 'microblaze_0' is selected.
14:42:46 INFO  : System reset is completed.
14:42:49 INFO  : 'after 3000' command is executed.
14:42:49 INFO  : Context for processor 'microblaze_0' is selected.
14:42:51 INFO  : The application '/media/wei/DATA/LW/quabo_V008/quabo3_Viv20183.sdk/WS3_WR_quabo_quabo/quabo_service/Debug/quabo_service.elf' is downloaded to processor 'microblaze_0'.
14:42:51 INFO  : ----------------XSDB Script----------------
connect -url tcp:127.0.0.1:3121
configparams mdm-detect-bscan-mask 2
targets -set -nocase -filter {name =~ "microblaze*#0" && bscan=="USER2"  && jtag_cable_name =~ "Platform Cable USB 0000117dd2cb01"} -index 0
rst -system
after 3000
targets -set -nocase -filter {name =~ "microblaze*#0" && bscan=="USER2"  && jtag_cable_name =~ "Platform Cable USB 0000117dd2cb01"} -index 0
dow /media/wei/DATA/LW/quabo_V008/quabo3_Viv20183.sdk/WS3_WR_quabo_quabo/quabo_service/Debug/quabo_service.elf
----------------End of Script----------------

14:42:51 INFO  : Memory regions updated for context MicroBlaze #0
14:42:51 INFO  : Memory regions updated for context MicroBlaze #0
14:42:51 INFO  : Context for processor 'microblaze_0' is selected.
14:42:51 INFO  : 'con' command is executed.
14:42:51 INFO  : ----------------XSDB Script (After Launch)----------------
targets -set -nocase -filter {name =~ "microblaze*#0" && bscan=="USER2"  && jtag_cable_name =~ "Platform Cable USB 0000117dd2cb01"} -index 0
con
----------------End of Script----------------

14:42:51 INFO  : Launch script is exported to file '/media/wei/DATA/LW/quabo_V008/quabo3_Viv20183.sdk/WS3_WR_quabo_quabo/.sdk/launch_scripts/xilinx_c-c++_application_(system_debugger)/system_debugger_on_local.tcl'
14:45:25 INFO  : Disconnected from the channel tcfchan#4.
14:45:26 INFO  : 'targets -set -filter {jtag_cable_name =~ "Platform Cable USB 0000117dd2cb01" && level==0} -index 0' command is executed.
14:45:26 INFO  : 'fpga -state' command is executed.
14:45:26 INFO  : Connected to target on host '127.0.0.1' and port '3121'.
14:45:26 INFO  : Jtag cable 'Platform Cable USB 0000117dd2cb01' is selected.
14:45:26 INFO  : 'jtag frequency' command is executed.
14:45:26 INFO  : 'configparams mdm-detect-bscan-mask 2' command is executed.
14:45:26 INFO  : Context for processor 'microblaze_0' is selected.
14:45:26 INFO  : System reset is completed.
14:45:29 INFO  : 'after 3000' command is executed.
14:45:30 INFO  : Context for processor 'microblaze_0' is selected.
14:45:31 INFO  : The application '/media/wei/DATA/LW/quabo_V008/quabo3_Viv20183.sdk/WS3_WR_quabo_quabo/quabo_service/Debug/quabo_service.elf' is downloaded to processor 'microblaze_0'.
14:45:31 INFO  : ----------------XSDB Script----------------
connect -url tcp:127.0.0.1:3121
configparams mdm-detect-bscan-mask 2
targets -set -nocase -filter {name =~ "microblaze*#0" && bscan=="USER2"  && jtag_cable_name =~ "Platform Cable USB 0000117dd2cb01"} -index 0
rst -system
after 3000
targets -set -nocase -filter {name =~ "microblaze*#0" && bscan=="USER2"  && jtag_cable_name =~ "Platform Cable USB 0000117dd2cb01"} -index 0
dow /media/wei/DATA/LW/quabo_V008/quabo3_Viv20183.sdk/WS3_WR_quabo_quabo/quabo_service/Debug/quabo_service.elf
----------------End of Script----------------

14:45:31 INFO  : Memory regions updated for context MicroBlaze #0
14:45:31 INFO  : Memory regions updated for context MicroBlaze #0
14:45:31 INFO  : Context for processor 'microblaze_0' is selected.
14:45:31 INFO  : 'con' command is executed.
14:45:31 INFO  : ----------------XSDB Script (After Launch)----------------
targets -set -nocase -filter {name =~ "microblaze*#0" && bscan=="USER2"  && jtag_cable_name =~ "Platform Cable USB 0000117dd2cb01"} -index 0
con
----------------End of Script----------------

14:45:31 INFO  : Launch script is exported to file '/media/wei/DATA/LW/quabo_V008/quabo3_Viv20183.sdk/WS3_WR_quabo_quabo/.sdk/launch_scripts/xilinx_c-c++_application_(system_debugger)/system_debugger_on_local.tcl'
14:46:00 INFO  : Disconnected from the channel tcfchan#5.
14:46:01 INFO  : 'targets -set -filter {jtag_cable_name =~ "Platform Cable USB 0000117dd2cb01" && level==0} -index 0' command is executed.
14:46:01 INFO  : 'fpga -state' command is executed.
14:46:01 INFO  : Connected to target on host '127.0.0.1' and port '3121'.
14:46:02 INFO  : Jtag cable 'Platform Cable USB 0000117dd2cb01' is selected.
14:46:02 INFO  : 'jtag frequency' command is executed.
14:46:02 INFO  : 'configparams mdm-detect-bscan-mask 2' command is executed.
14:46:02 INFO  : Context for processor 'microblaze_0' is selected.
14:46:02 INFO  : System reset is completed.
14:46:05 INFO  : 'after 3000' command is executed.
14:46:05 INFO  : Context for processor 'microblaze_0' is selected.
14:46:06 INFO  : The application '/media/wei/DATA/LW/quabo_V008/quabo3_Viv20183.sdk/WS3_WR_quabo_quabo/quabo_service/Debug/quabo_service.elf' is downloaded to processor 'microblaze_0'.
14:46:06 INFO  : ----------------XSDB Script----------------
connect -url tcp:127.0.0.1:3121
configparams mdm-detect-bscan-mask 2
targets -set -nocase -filter {name =~ "microblaze*#0" && bscan=="USER2"  && jtag_cable_name =~ "Platform Cable USB 0000117dd2cb01"} -index 0
rst -system
after 3000
targets -set -nocase -filter {name =~ "microblaze*#0" && bscan=="USER2"  && jtag_cable_name =~ "Platform Cable USB 0000117dd2cb01"} -index 0
dow /media/wei/DATA/LW/quabo_V008/quabo3_Viv20183.sdk/WS3_WR_quabo_quabo/quabo_service/Debug/quabo_service.elf
----------------End of Script----------------

14:46:06 INFO  : Memory regions updated for context MicroBlaze #0
14:46:06 INFO  : Memory regions updated for context MicroBlaze #0
14:46:06 INFO  : Context for processor 'microblaze_0' is selected.
14:46:06 INFO  : 'con' command is executed.
14:46:06 INFO  : ----------------XSDB Script (After Launch)----------------
targets -set -nocase -filter {name =~ "microblaze*#0" && bscan=="USER2"  && jtag_cable_name =~ "Platform Cable USB 0000117dd2cb01"} -index 0
con
----------------End of Script----------------

14:46:06 INFO  : Launch script is exported to file '/media/wei/DATA/LW/quabo_V008/quabo3_Viv20183.sdk/WS3_WR_quabo_quabo/.sdk/launch_scripts/xilinx_c-c++_application_(system_debugger)/system_debugger_on_local.tcl'
14:51:17 INFO  : Connected to target on host '127.0.0.1' and port '3121'.
14:51:17 INFO  : 'targets -set -filter {jtag_cable_name =~ "Platform Cable USB 0000117dd2cb01" && level==0} -index 0' command is executed.
14:51:31 INFO  : FPGA configured successfully with bitstream "/media/wei/DATA/LW/quabo_V008/quabo3_Viv20183.sdk/WS3_WR_quabo_quabo/base_mb_wrapper_hw_platform_0/download.bit"
14:54:49 INFO  : Connected to target on host '127.0.0.1' and port '3121'.
14:55:05 INFO  : Connected to target on host '127.0.0.1' and port '3121'.
14:55:05 INFO  : 'targets -set -filter {jtag_cable_name =~ "Platform Cable USB 0000117dd2cb01" && level==0} -index 0' command is executed.
14:55:19 INFO  : FPGA configured successfully with bitstream "/media/wei/DATA/LW/quabo_V008/quabo3_Viv20183.sdk/WS3_WR_quabo_quabo/base_mb_wrapper_hw_platform_0/download.bit"
15:36:08 INFO  : Disconnected from the channel tcfchan#6.
