Copyright 1986-2018 Xilinx, Inc. All Rights Reserved.
------------------------------------------------------------------------------------------------------------------------------------------------------------------------------
| Tool Version : Vivado v.2018.3_AR71948 (lin64) Build 2405991 Thu Dec  6 23:36:41 MST 2018
| Date         : Fri Nov  8 11:20:07 2019
| Host         : Wei-Berkeley running 64-bit Ubuntu 18.04.3 LTS
| Command      : report_bus_skew -warn_on_violation -file base_mb_wrapper_bus_skew_routed.rpt -pb base_mb_wrapper_bus_skew_routed.pb -rpx base_mb_wrapper_bus_skew_routed.rpx
| Design       : base_mb_wrapper
| Device       : 7k160t-ffg676
| Speed File   : -1  PRODUCTION 1.12 2017-02-17
------------------------------------------------------------------------------------------------------------------------------------------------------------------------------

Bus Skew Report

Table of Contents
-----------------
1. Bus Skew Report Summary
2. Bus Skew Report Per Constraint

1. Bus Skew Report Summary
--------------------------

Id  Position  From                            To                              Corner  Requirement(ns)  Actual(ns)  Slack(ns)
--  --------  ------------------------------  ------------------------------  ------  ---------------  ----------  ---------
1   168       [get_cells [list {base_mb_i/maroc_dc_0/inst/USR_LOGIC/CC_FIFO/U0/inst_fifo_gen/gconvfifo.rf/grf.rf/gntv_or_sync_fifo.gcx.clkx/rd_pntr_cdc_inst/src_gray_ff_reg[9]} {base_mb_i/maroc_dc_0/inst/USR_LOGIC/CC_FIFO/U0/inst_fifo_gen/gconvfifo.rf/grf.rf/gntv_or_sync_fifo.gcx.clkx/rd_pntr_cdc_inst/src_gray_ff_reg[1]} {base_mb_i/maroc_dc_0/inst/USR_LOGIC/CC_FIFO/U0/inst_fifo_gen/gconvfifo.rf/grf.rf/gntv_or_sync_fifo.gcx.clkx/rd_pntr_cdc_inst/src_gray_ff_reg[2]} {base_mb_i/maroc_dc_0/inst/USR_LOGIC/CC_FIFO/U0/inst_fifo_gen/gconvfifo.rf/grf.rf/gntv_or_sync_fifo.gcx.clkx/rd_pntr_cdc_inst/src_gray_ff_reg[3]} {base_mb_i/maroc_dc_0/inst/USR_LOGIC/CC_FIFO/U0/inst_fifo_gen/gconvfifo.rf/grf.rf/gntv_or_sync_fifo.gcx.clkx/rd_pntr_cdc_inst/src_gray_ff_reg[4]} {base_mb_i/maroc_dc_0/inst/USR_LOGIC/CC_FIFO/U0/inst_fifo_gen/gconvfifo.rf/grf.rf/gntv_or_sync_fifo.gcx.clkx/rd_pntr_cdc_inst/src_gray_ff_reg[5]} {base_mb_i/maroc_dc_0/inst/USR_LOGIC/CC_FIFO/U0/inst_fifo_gen/gconvfifo.rf/grf.rf/gntv_or_sync_fifo.gcx.clkx/rd_pntr_cdc_inst/src_gray_ff_reg[6]} {base_mb_i/maroc_dc_0/inst/USR_LOGIC/CC_FIFO/U0/inst_fifo_gen/gconvfifo.rf/grf.rf/gntv_or_sync_fifo.gcx.clkx/rd_pntr_cdc_inst/src_gray_ff_reg[7]} {base_mb_i/maroc_dc_0/inst/USR_LOGIC/CC_FIFO/U0/inst_fifo_gen/gconvfifo.rf/grf.rf/gntv_or_sync_fifo.gcx.clkx/rd_pntr_cdc_inst/src_gray_ff_reg[8]}]]
                                              [get_cells [list {base_mb_i/maroc_dc_0/inst/USR_LOGIC/CC_FIFO/U0/inst_fifo_gen/gconvfifo.rf/grf.rf/gntv_or_sync_fifo.gcx.clkx/rd_pntr_cdc_inst/dest_graysync_ff_reg[0][9]} {base_mb_i/maroc_dc_0/inst/USR_LOGIC/CC_FIFO/U0/inst_fifo_gen/gconvfifo.rf/grf.rf/gntv_or_sync_fifo.gcx.clkx/rd_pntr_cdc_inst/dest_graysync_ff_reg[0][1]} {base_mb_i/maroc_dc_0/inst/USR_LOGIC/CC_FIFO/U0/inst_fifo_gen/gconvfifo.rf/grf.rf/gntv_or_sync_fifo.gcx.clkx/rd_pntr_cdc_inst/dest_graysync_ff_reg[0][2]} {base_mb_i/maroc_dc_0/inst/USR_LOGIC/CC_FIFO/U0/inst_fifo_gen/gconvfifo.rf/grf.rf/gntv_or_sync_fifo.gcx.clkx/rd_pntr_cdc_inst/dest_graysync_ff_reg[0][3]} {base_mb_i/maroc_dc_0/inst/USR_LOGIC/CC_FIFO/U0/inst_fifo_gen/gconvfifo.rf/grf.rf/gntv_or_sync_fifo.gcx.clkx/rd_pntr_cdc_inst/dest_graysync_ff_reg[0][4]} {base_mb_i/maroc_dc_0/inst/USR_LOGIC/CC_FIFO/U0/inst_fifo_gen/gconvfifo.rf/grf.rf/gntv_or_sync_fifo.gcx.clkx/rd_pntr_cdc_inst/dest_graysync_ff_reg[0][5]} {base_mb_i/maroc_dc_0/inst/USR_LOGIC/CC_FIFO/U0/inst_fifo_gen/gconvfifo.rf/grf.rf/gntv_or_sync_fifo.gcx.clkx/rd_pntr_cdc_inst/dest_graysync_ff_reg[0][6]} {base_mb_i/maroc_dc_0/inst/USR_LOGIC/CC_FIFO/U0/inst_fifo_gen/gconvfifo.rf/grf.rf/gntv_or_sync_fifo.gcx.clkx/rd_pntr_cdc_inst/dest_graysync_ff_reg[0][7]} {base_mb_i/maroc_dc_0/inst/USR_LOGIC/CC_FIFO/U0/inst_fifo_gen/gconvfifo.rf/grf.rf/gntv_or_sync_fifo.gcx.clkx/rd_pntr_cdc_inst/dest_graysync_ff_reg[0][8]}]]
                                                                              Slow             10.000       0.769      9.231
2   170       [get_cells [list {base_mb_i/maroc_dc_0/inst/USR_LOGIC/CC_FIFO/U0/inst_fifo_gen/gconvfifo.rf/grf.rf/gntv_or_sync_fifo.gcx.clkx/wr_pntr_cdc_inst/src_gray_ff_reg[0]} {base_mb_i/maroc_dc_0/inst/USR_LOGIC/CC_FIFO/U0/inst_fifo_gen/gconvfifo.rf/grf.rf/gntv_or_sync_fifo.gcx.clkx/wr_pntr_cdc_inst/src_gray_ff_reg[1]} {base_mb_i/maroc_dc_0/inst/USR_LOGIC/CC_FIFO/U0/inst_fifo_gen/gconvfifo.rf/grf.rf/gntv_or_sync_fifo.gcx.clkx/wr_pntr_cdc_inst/src_gray_ff_reg[2]} {base_mb_i/maroc_dc_0/inst/USR_LOGIC/CC_FIFO/U0/inst_fifo_gen/gconvfifo.rf/grf.rf/gntv_or_sync_fifo.gcx.clkx/wr_pntr_cdc_inst/src_gray_ff_reg[3]} {base_mb_i/maroc_dc_0/inst/USR_LOGIC/CC_FIFO/U0/inst_fifo_gen/gconvfifo.rf/grf.rf/gntv_or_sync_fifo.gcx.clkx/wr_pntr_cdc_inst/src_gray_ff_reg[4]} {base_mb_i/maroc_dc_0/inst/USR_LOGIC/CC_FIFO/U0/inst_fifo_gen/gconvfifo.rf/grf.rf/gntv_or_sync_fifo.gcx.clkx/wr_pntr_cdc_inst/src_gray_ff_reg[5]} {base_mb_i/maroc_dc_0/inst/USR_LOGIC/CC_FIFO/U0/inst_fifo_gen/gconvfifo.rf/grf.rf/gntv_or_sync_fifo.gcx.clkx/wr_pntr_cdc_inst/src_gray_ff_reg[6]} {base_mb_i/maroc_dc_0/inst/USR_LOGIC/CC_FIFO/U0/inst_fifo_gen/gconvfifo.rf/grf.rf/gntv_or_sync_fifo.gcx.clkx/wr_pntr_cdc_inst/src_gray_ff_reg[7]} {base_mb_i/maroc_dc_0/inst/USR_LOGIC/CC_FIFO/U0/inst_fifo_gen/gconvfifo.rf/grf.rf/gntv_or_sync_fifo.gcx.clkx/wr_pntr_cdc_inst/src_gray_ff_reg[8]}]]
                                              [get_cells [list {base_mb_i/maroc_dc_0/inst/USR_LOGIC/CC_FIFO/U0/inst_fifo_gen/gconvfifo.rf/grf.rf/gntv_or_sync_fifo.gcx.clkx/wr_pntr_cdc_inst/dest_graysync_ff_reg[0][0]} {base_mb_i/maroc_dc_0/inst/USR_LOGIC/CC_FIFO/U0/inst_fifo_gen/gconvfifo.rf/grf.rf/gntv_or_sync_fifo.gcx.clkx/wr_pntr_cdc_inst/dest_graysync_ff_reg[0][1]} {base_mb_i/maroc_dc_0/inst/USR_LOGIC/CC_FIFO/U0/inst_fifo_gen/gconvfifo.rf/grf.rf/gntv_or_sync_fifo.gcx.clkx/wr_pntr_cdc_inst/dest_graysync_ff_reg[0][2]} {base_mb_i/maroc_dc_0/inst/USR_LOGIC/CC_FIFO/U0/inst_fifo_gen/gconvfifo.rf/grf.rf/gntv_or_sync_fifo.gcx.clkx/wr_pntr_cdc_inst/dest_graysync_ff_reg[0][3]} {base_mb_i/maroc_dc_0/inst/USR_LOGIC/CC_FIFO/U0/inst_fifo_gen/gconvfifo.rf/grf.rf/gntv_or_sync_fifo.gcx.clkx/wr_pntr_cdc_inst/dest_graysync_ff_reg[0][4]} {base_mb_i/maroc_dc_0/inst/USR_LOGIC/CC_FIFO/U0/inst_fifo_gen/gconvfifo.rf/grf.rf/gntv_or_sync_fifo.gcx.clkx/wr_pntr_cdc_inst/dest_graysync_ff_reg[0][5]} {base_mb_i/maroc_dc_0/inst/USR_LOGIC/CC_FIFO/U0/inst_fifo_gen/gconvfifo.rf/grf.rf/gntv_or_sync_fifo.gcx.clkx/wr_pntr_cdc_inst/dest_graysync_ff_reg[0][6]} {base_mb_i/maroc_dc_0/inst/USR_LOGIC/CC_FIFO/U0/inst_fifo_gen/gconvfifo.rf/grf.rf/gntv_or_sync_fifo.gcx.clkx/wr_pntr_cdc_inst/dest_graysync_ff_reg[0][7]} {base_mb_i/maroc_dc_0/inst/USR_LOGIC/CC_FIFO/U0/inst_fifo_gen/gconvfifo.rf/grf.rf/gntv_or_sync_fifo.gcx.clkx/wr_pntr_cdc_inst/dest_graysync_ff_reg[0][8]}]]
                                                                              Slow             10.000       0.845      9.155


2. Bus Skew Report Per Constraint
---------------------------------

Id: 1
set_bus_skew -from [get_cells [list {base_mb_i/maroc_dc_0/inst/USR_LOGIC/CC_FIFO/U0/inst_fifo_gen/gconvfifo.rf/grf.rf/gntv_or_sync_fifo.gcx.clkx/rd_pntr_cdc_inst/src_gray_ff_reg[9]} {base_mb_i/maroc_dc_0/inst/USR_LOGIC/CC_FIFO/U0/inst_fifo_gen/gconvfifo.rf/grf.rf/gntv_or_sync_fifo.gcx.clkx/rd_pntr_cdc_inst/src_gray_ff_reg[1]} {base_mb_i/maroc_dc_0/inst/USR_LOGIC/CC_FIFO/U0/inst_fifo_gen/gconvfifo.rf/grf.rf/gntv_or_sync_fifo.gcx.clkx/rd_pntr_cdc_inst/src_gray_ff_reg[2]} {base_mb_i/maroc_dc_0/inst/USR_LOGIC/CC_FIFO/U0/inst_fifo_gen/gconvfifo.rf/grf.rf/gntv_or_sync_fifo.gcx.clkx/rd_pntr_cdc_inst/src_gray_ff_reg[3]} {base_mb_i/maroc_dc_0/inst/USR_LOGIC/CC_FIFO/U0/inst_fifo_gen/gconvfifo.rf/grf.rf/gntv_or_sync_fifo.gcx.clkx/rd_pntr_cdc_inst/src_gray_ff_reg[4]} {base_mb_i/maroc_dc_0/inst/USR_LOGIC/CC_FIFO/U0/inst_fifo_gen/gconvfifo.rf/grf.rf/gntv_or_sync_fifo.gcx.clkx/rd_pntr_cdc_inst/src_gray_ff_reg[5]} {base_mb_i/maroc_dc_0/inst/USR_LOGIC/CC_FIFO/U0/inst_fifo_gen/gconvfifo.rf/grf.rf/gntv_or_sync_fifo.gcx.clkx/rd_pntr_cdc_inst/src_gray_ff_reg[6]} {base_mb_i/maroc_dc_0/inst/USR_LOGIC/CC_FIFO/U0/inst_fifo_gen/gconvfifo.rf/grf.rf/gntv_or_sync_fifo.gcx.clkx/rd_pntr_cdc_inst/src_gray_ff_reg[7]} {base_mb_i/maroc_dc_0/inst/USR_LOGIC/CC_FIFO/U0/inst_fifo_gen/gconvfifo.rf/grf.rf/gntv_or_sync_fifo.gcx.clkx/rd_pntr_cdc_inst/src_gray_ff_reg[8]}]] -to [get_cells [list {base_mb_i/maroc_dc_0/inst/USR_LOGIC/CC_FIFO/U0/inst_fifo_gen/gconvfifo.rf/grf.rf/gntv_or_sync_fifo.gcx.clkx/rd_pntr_cdc_inst/dest_graysync_ff_reg[0][9]} {base_mb_i/maroc_dc_0/inst/USR_LOGIC/CC_FIFO/U0/inst_fifo_gen/gconvfifo.rf/grf.rf/gntv_or_sync_fifo.gcx.clkx/rd_pntr_cdc_inst/dest_graysync_ff_reg[0][1]} {base_mb_i/maroc_dc_0/inst/USR_LOGIC/CC_FIFO/U0/inst_fifo_gen/gconvfifo.rf/grf.rf/gntv_or_sync_fifo.gcx.clkx/rd_pntr_cdc_inst/dest_graysync_ff_reg[0][2]} {base_mb_i/maroc_dc_0/inst/USR_LOGIC/CC_FIFO/U0/inst_fifo_gen/gconvfifo.rf/grf.rf/gntv_or_sync_fifo.gcx.clkx/rd_pntr_cdc_inst/dest_graysync_ff_reg[0][3]} {base_mb_i/maroc_dc_0/inst/USR_LOGIC/CC_FIFO/U0/inst_fifo_gen/gconvfifo.rf/grf.rf/gntv_or_sync_fifo.gcx.clkx/rd_pntr_cdc_inst/dest_graysync_ff_reg[0][4]} {base_mb_i/maroc_dc_0/inst/USR_LOGIC/CC_FIFO/U0/inst_fifo_gen/gconvfifo.rf/grf.rf/gntv_or_sync_fifo.gcx.clkx/rd_pntr_cdc_inst/dest_graysync_ff_reg[0][5]} {base_mb_i/maroc_dc_0/inst/USR_LOGIC/CC_FIFO/U0/inst_fifo_gen/gconvfifo.rf/grf.rf/gntv_or_sync_fifo.gcx.clkx/rd_pntr_cdc_inst/dest_graysync_ff_reg[0][6]} {base_mb_i/maroc_dc_0/inst/USR_LOGIC/CC_FIFO/U0/inst_fifo_gen/gconvfifo.rf/grf.rf/gntv_or_sync_fifo.gcx.clkx/rd_pntr_cdc_inst/dest_graysync_ff_reg[0][7]} {base_mb_i/maroc_dc_0/inst/USR_LOGIC/CC_FIFO/U0/inst_fifo_gen/gconvfifo.rf/grf.rf/gntv_or_sync_fifo.gcx.clkx/rd_pntr_cdc_inst/dest_graysync_ff_reg[0][8]}]] 10.000
Requirement: 10.000ns
Endpoints: 9

From Clock            To Clock              Endpoint Pin                    Reference Pin                   Corner  Actual(ns)  Slack(ns)
--------------------  --------------------  ------------------------------  ------------------------------  ------  ----------  ---------
clk_out1_base_mb_clk_wiz_1_0
                      BIT_CLK_P[0]          base_mb_i/maroc_dc_0/inst/USR_LOGIC/CC_FIFO/U0/inst_fifo_gen/gconvfifo.rf/grf.rf/gntv_or_sync_fifo.gcx.clkx/rd_pntr_cdc_inst/dest_graysync_ff_reg[0][3]/D
                                                                            base_mb_i/maroc_dc_0/inst/USR_LOGIC/CC_FIFO/U0/inst_fifo_gen/gconvfifo.rf/grf.rf/gntv_or_sync_fifo.gcx.clkx/rd_pntr_cdc_inst/dest_graysync_ff_reg[0][8]/D
                                                                                                            Slow         0.769      9.231


Slack (MET) :             9.231ns  (requirement - actual skew)
  Endpoint Source:        base_mb_i/maroc_dc_0/inst/USR_LOGIC/CC_FIFO/U0/inst_fifo_gen/gconvfifo.rf/grf.rf/gntv_or_sync_fifo.gcx.clkx/rd_pntr_cdc_inst/src_gray_ff_reg[3]/C
                            (rising edge-triggered cell FDRE clocked by clk_out1_base_mb_clk_wiz_1_0)
  Endpoint Destination:   base_mb_i/maroc_dc_0/inst/USR_LOGIC/CC_FIFO/U0/inst_fifo_gen/gconvfifo.rf/grf.rf/gntv_or_sync_fifo.gcx.clkx/rd_pntr_cdc_inst/dest_graysync_ff_reg[0][3]/D
                            (rising edge-triggered cell FDRE clocked by BIT_CLK_P[0])
  Reference Source:       base_mb_i/maroc_dc_0/inst/USR_LOGIC/CC_FIFO/U0/inst_fifo_gen/gconvfifo.rf/grf.rf/gntv_or_sync_fifo.gcx.clkx/rd_pntr_cdc_inst/src_gray_ff_reg[8]/C
                            (rising edge-triggered cell FDRE clocked by clk_out1_base_mb_clk_wiz_1_0)
  Reference Destination:  base_mb_i/maroc_dc_0/inst/USR_LOGIC/CC_FIFO/U0/inst_fifo_gen/gconvfifo.rf/grf.rf/gntv_or_sync_fifo.gcx.clkx/rd_pntr_cdc_inst/dest_graysync_ff_reg[0][8]/D
                            (rising edge-triggered cell FDRE clocked by BIT_CLK_P[0])
  Path Type:              Bus Skew (Max at Slow Process Corner)
  Requirement:            10.000ns
  Endpoint Relative Delay:   -4.025ns
  Reference Relative Delay:  -5.644ns
  Relative CRPR:              1.049ns
  Uncertainty:                0.199ns
  Actual Bus Skew:            0.769ns  (Endpoint Relative Delay - Reference Relative Delay - Relative CRPR + Uncertainty)

Endpoint path:
    Location             Delay type                Incr(ns)  Path(ns)    Netlist Resource(s)
  -------------------------------------------------------------------    -------------------
                         (clock clk_out1_base_mb_clk_wiz_1_0 rise edge)
                                                      0.000     0.000 r  
    BUFGCTRL_X0Y21       BUFG                         0.000     0.000 r  base_mb_i/wrc_board_quabo_Light_0/U0/cmp_xwrc_board_quabo/cmp_xwrc_platform/gen_default_plls.gen_kintex7_default_plls.cmp_clk_sys_buf_o/O
                         net (fo=4841, routed)        1.575     1.575    base_mb_i/clk_wiz_1/inst/clk_in1
    MMCME2_ADV_X1Y2      MMCME2_ADV (Prop_mmcme2_adv_CLKIN1_CLKOUT0)
                                                     -3.315    -1.740 r  base_mb_i/clk_wiz_1/inst/mmcm_adv_inst/CLKOUT0
                         net (fo=1, routed)           1.622    -0.118    base_mb_i/clk_wiz_1/inst/clk_out1_base_mb_clk_wiz_1_0
    BUFGCTRL_X0Y4        BUFG (Prop_bufg_I_O)         0.120     0.002 r  base_mb_i/clk_wiz_1/inst/clkout1_buf/O
                         net (fo=13661, routed)       1.784     1.786    base_mb_i/maroc_dc_0/inst/USR_LOGIC/CC_FIFO/U0/inst_fifo_gen/gconvfifo.rf/grf.rf/gntv_or_sync_fifo.gcx.clkx/rd_pntr_cdc_inst/src_clk
    SLICE_X62Y41         FDRE                                         r  base_mb_i/maroc_dc_0/inst/USR_LOGIC/CC_FIFO/U0/inst_fifo_gen/gconvfifo.rf/grf.rf/gntv_or_sync_fifo.gcx.clkx/rd_pntr_cdc_inst/src_gray_ff_reg[3]/C
  -------------------------------------------------------------------    -------------------
    SLICE_X62Y41         FDRE (Prop_fdre_C_Q)         0.282     2.068 r  base_mb_i/maroc_dc_0/inst/USR_LOGIC/CC_FIFO/U0/inst_fifo_gen/gconvfifo.rf/grf.rf/gntv_or_sync_fifo.gcx.clkx/rd_pntr_cdc_inst/src_gray_ff_reg[3]/Q
                         net (fo=1, routed)           0.438     2.506    base_mb_i/maroc_dc_0/inst/USR_LOGIC/CC_FIFO/U0/inst_fifo_gen/gconvfifo.rf/grf.rf/gntv_or_sync_fifo.gcx.clkx/rd_pntr_cdc_inst/async_path[3]
    SLICE_X63Y43         FDRE                                         r  base_mb_i/maroc_dc_0/inst/USR_LOGIC/CC_FIFO/U0/inst_fifo_gen/gconvfifo.rf/grf.rf/gntv_or_sync_fifo.gcx.clkx/rd_pntr_cdc_inst/dest_graysync_ff_reg[0][3]/D
  -------------------------------------------------------------------    -------------------

                         (clock BIT_CLK_P[0] rise edge)
                                                      0.000     0.000 r  
    V16                                               0.000     0.000 r  BIT_CLK_P[0] (IN)
                         net (fo=0)                   0.000     0.000    base_mb_i/in_buf_ds_adcbitclk/inst/in_p
    V16                  IBUFDS (Prop_ibufds_I_O)     0.954     0.954 r  base_mb_i/in_buf_ds_adcbitclk/inst/IBUFDS_inst/O
                         net (fo=1, routed)           3.912     4.866    base_mb_i/in_buf_ds_adcbitclk/outp__0
    BUFGCTRL_X0Y2        BUFG (Prop_bufg_I_O)         0.113     4.979 r  base_mb_i/in_buf_ds_adcbitclk/outp_BUFG_inst/O
                         net (fo=198, routed)         1.670     6.649    base_mb_i/maroc_dc_0/inst/USR_LOGIC/CC_FIFO/U0/inst_fifo_gen/gconvfifo.rf/grf.rf/gntv_or_sync_fifo.gcx.clkx/rd_pntr_cdc_inst/dest_clk
    SLICE_X63Y43         FDRE                                         r  base_mb_i/maroc_dc_0/inst/USR_LOGIC/CC_FIFO/U0/inst_fifo_gen/gconvfifo.rf/grf.rf/gntv_or_sync_fifo.gcx.clkx/rd_pntr_cdc_inst/dest_graysync_ff_reg[0][3]/C
                         clock pessimism              0.000     6.649    
    SLICE_X63Y43         FDRE (Setup_fdre_C_D)       -0.118     6.531    base_mb_i/maroc_dc_0/inst/USR_LOGIC/CC_FIFO/U0/inst_fifo_gen/gconvfifo.rf/grf.rf/gntv_or_sync_fifo.gcx.clkx/rd_pntr_cdc_inst/dest_graysync_ff_reg[0][3]
  -------------------------------------------------------------------
                         data arrival                           2.506    
                         clock arrival                          6.531    
  -------------------------------------------------------------------
                         relative delay                        -4.025    

Reference path:
    Location             Delay type                Incr(ns)  Path(ns)    Netlist Resource(s)
  -------------------------------------------------------------------    -------------------
                         (clock clk_out1_base_mb_clk_wiz_1_0 rise edge)
                                                      0.000     0.000 r  
    BUFGCTRL_X0Y21       BUFG                         0.000     0.000 r  base_mb_i/wrc_board_quabo_Light_0/U0/cmp_xwrc_board_quabo/cmp_xwrc_platform/gen_default_plls.gen_kintex7_default_plls.cmp_clk_sys_buf_o/O
                         net (fo=4841, routed)        1.447     1.447    base_mb_i/clk_wiz_1/inst/clk_in1
    MMCME2_ADV_X1Y2      MMCME2_ADV (Prop_mmcme2_adv_CLKIN1_CLKOUT0)
                                                     -3.098    -1.651 r  base_mb_i/clk_wiz_1/inst/mmcm_adv_inst/CLKOUT0
                         net (fo=1, routed)           1.540    -0.111    base_mb_i/clk_wiz_1/inst/clk_out1_base_mb_clk_wiz_1_0
    BUFGCTRL_X0Y4        BUFG (Prop_bufg_I_O)         0.113     0.002 r  base_mb_i/clk_wiz_1/inst/clkout1_buf/O
                         net (fo=13661, routed)       1.667     1.669    base_mb_i/maroc_dc_0/inst/USR_LOGIC/CC_FIFO/U0/inst_fifo_gen/gconvfifo.rf/grf.rf/gntv_or_sync_fifo.gcx.clkx/rd_pntr_cdc_inst/src_clk
    SLICE_X61Y41         FDRE                                         r  base_mb_i/maroc_dc_0/inst/USR_LOGIC/CC_FIFO/U0/inst_fifo_gen/gconvfifo.rf/grf.rf/gntv_or_sync_fifo.gcx.clkx/rd_pntr_cdc_inst/src_gray_ff_reg[8]/C
  -------------------------------------------------------------------    -------------------
    SLICE_X61Y41         FDRE (Prop_fdre_C_Q)         0.216     1.885 r  base_mb_i/maroc_dc_0/inst/USR_LOGIC/CC_FIFO/U0/inst_fifo_gen/gconvfifo.rf/grf.rf/gntv_or_sync_fifo.gcx.clkx/rd_pntr_cdc_inst/src_gray_ff_reg[8]/Q
                         net (fo=1, routed)           0.282     2.167    base_mb_i/maroc_dc_0/inst/USR_LOGIC/CC_FIFO/U0/inst_fifo_gen/gconvfifo.rf/grf.rf/gntv_or_sync_fifo.gcx.clkx/rd_pntr_cdc_inst/async_path[8]
    SLICE_X61Y42         FDRE                                         r  base_mb_i/maroc_dc_0/inst/USR_LOGIC/CC_FIFO/U0/inst_fifo_gen/gconvfifo.rf/grf.rf/gntv_or_sync_fifo.gcx.clkx/rd_pntr_cdc_inst/dest_graysync_ff_reg[0][8]/D
  -------------------------------------------------------------------    -------------------

                         (clock BIT_CLK_P[0] rise edge)
                                                      0.000     0.000 r  
    V16                                               0.000     0.000 r  BIT_CLK_P[0] (IN)
                         net (fo=0)                   0.000     0.000    base_mb_i/in_buf_ds_adcbitclk/inst/in_p
    V16                  IBUFDS (Prop_ibufds_I_O)     1.072     1.072 r  base_mb_i/in_buf_ds_adcbitclk/inst/IBUFDS_inst/O
                         net (fo=1, routed)           4.663     5.736    base_mb_i/in_buf_ds_adcbitclk/outp__0
    BUFGCTRL_X0Y2        BUFG (Prop_bufg_I_O)         0.120     5.856 r  base_mb_i/in_buf_ds_adcbitclk/outp_BUFG_inst/O
                         net (fo=198, routed)         1.781     7.637    base_mb_i/maroc_dc_0/inst/USR_LOGIC/CC_FIFO/U0/inst_fifo_gen/gconvfifo.rf/grf.rf/gntv_or_sync_fifo.gcx.clkx/rd_pntr_cdc_inst/dest_clk
    SLICE_X61Y42         FDRE                                         r  base_mb_i/maroc_dc_0/inst/USR_LOGIC/CC_FIFO/U0/inst_fifo_gen/gconvfifo.rf/grf.rf/gntv_or_sync_fifo.gcx.clkx/rd_pntr_cdc_inst/dest_graysync_ff_reg[0][8]/C
                         clock pessimism              0.000     7.637    
    SLICE_X61Y42         FDRE (Hold_fdre_C_D)         0.174     7.811    base_mb_i/maroc_dc_0/inst/USR_LOGIC/CC_FIFO/U0/inst_fifo_gen/gconvfifo.rf/grf.rf/gntv_or_sync_fifo.gcx.clkx/rd_pntr_cdc_inst/dest_graysync_ff_reg[0][8]
  -------------------------------------------------------------------
                         data arrival                           2.167    
                         clock arrival                          7.811    
  -------------------------------------------------------------------
                         relative delay                        -5.644    



Id: 2
set_bus_skew -from [get_cells [list {base_mb_i/maroc_dc_0/inst/USR_LOGIC/CC_FIFO/U0/inst_fifo_gen/gconvfifo.rf/grf.rf/gntv_or_sync_fifo.gcx.clkx/wr_pntr_cdc_inst/src_gray_ff_reg[0]} {base_mb_i/maroc_dc_0/inst/USR_LOGIC/CC_FIFO/U0/inst_fifo_gen/gconvfifo.rf/grf.rf/gntv_or_sync_fifo.gcx.clkx/wr_pntr_cdc_inst/src_gray_ff_reg[1]} {base_mb_i/maroc_dc_0/inst/USR_LOGIC/CC_FIFO/U0/inst_fifo_gen/gconvfifo.rf/grf.rf/gntv_or_sync_fifo.gcx.clkx/wr_pntr_cdc_inst/src_gray_ff_reg[2]} {base_mb_i/maroc_dc_0/inst/USR_LOGIC/CC_FIFO/U0/inst_fifo_gen/gconvfifo.rf/grf.rf/gntv_or_sync_fifo.gcx.clkx/wr_pntr_cdc_inst/src_gray_ff_reg[3]} {base_mb_i/maroc_dc_0/inst/USR_LOGIC/CC_FIFO/U0/inst_fifo_gen/gconvfifo.rf/grf.rf/gntv_or_sync_fifo.gcx.clkx/wr_pntr_cdc_inst/src_gray_ff_reg[4]} {base_mb_i/maroc_dc_0/inst/USR_LOGIC/CC_FIFO/U0/inst_fifo_gen/gconvfifo.rf/grf.rf/gntv_or_sync_fifo.gcx.clkx/wr_pntr_cdc_inst/src_gray_ff_reg[5]} {base_mb_i/maroc_dc_0/inst/USR_LOGIC/CC_FIFO/U0/inst_fifo_gen/gconvfifo.rf/grf.rf/gntv_or_sync_fifo.gcx.clkx/wr_pntr_cdc_inst/src_gray_ff_reg[6]} {base_mb_i/maroc_dc_0/inst/USR_LOGIC/CC_FIFO/U0/inst_fifo_gen/gconvfifo.rf/grf.rf/gntv_or_sync_fifo.gcx.clkx/wr_pntr_cdc_inst/src_gray_ff_reg[7]} {base_mb_i/maroc_dc_0/inst/USR_LOGIC/CC_FIFO/U0/inst_fifo_gen/gconvfifo.rf/grf.rf/gntv_or_sync_fifo.gcx.clkx/wr_pntr_cdc_inst/src_gray_ff_reg[8]}]] -to [get_cells [list {base_mb_i/maroc_dc_0/inst/USR_LOGIC/CC_FIFO/U0/inst_fifo_gen/gconvfifo.rf/grf.rf/gntv_or_sync_fifo.gcx.clkx/wr_pntr_cdc_inst/dest_graysync_ff_reg[0][0]} {base_mb_i/maroc_dc_0/inst/USR_LOGIC/CC_FIFO/U0/inst_fifo_gen/gconvfifo.rf/grf.rf/gntv_or_sync_fifo.gcx.clkx/wr_pntr_cdc_inst/dest_graysync_ff_reg[0][1]} {base_mb_i/maroc_dc_0/inst/USR_LOGIC/CC_FIFO/U0/inst_fifo_gen/gconvfifo.rf/grf.rf/gntv_or_sync_fifo.gcx.clkx/wr_pntr_cdc_inst/dest_graysync_ff_reg[0][2]} {base_mb_i/maroc_dc_0/inst/USR_LOGIC/CC_FIFO/U0/inst_fifo_gen/gconvfifo.rf/grf.rf/gntv_or_sync_fifo.gcx.clkx/wr_pntr_cdc_inst/dest_graysync_ff_reg[0][3]} {base_mb_i/maroc_dc_0/inst/USR_LOGIC/CC_FIFO/U0/inst_fifo_gen/gconvfifo.rf/grf.rf/gntv_or_sync_fifo.gcx.clkx/wr_pntr_cdc_inst/dest_graysync_ff_reg[0][4]} {base_mb_i/maroc_dc_0/inst/USR_LOGIC/CC_FIFO/U0/inst_fifo_gen/gconvfifo.rf/grf.rf/gntv_or_sync_fifo.gcx.clkx/wr_pntr_cdc_inst/dest_graysync_ff_reg[0][5]} {base_mb_i/maroc_dc_0/inst/USR_LOGIC/CC_FIFO/U0/inst_fifo_gen/gconvfifo.rf/grf.rf/gntv_or_sync_fifo.gcx.clkx/wr_pntr_cdc_inst/dest_graysync_ff_reg[0][6]} {base_mb_i/maroc_dc_0/inst/USR_LOGIC/CC_FIFO/U0/inst_fifo_gen/gconvfifo.rf/grf.rf/gntv_or_sync_fifo.gcx.clkx/wr_pntr_cdc_inst/dest_graysync_ff_reg[0][7]} {base_mb_i/maroc_dc_0/inst/USR_LOGIC/CC_FIFO/U0/inst_fifo_gen/gconvfifo.rf/grf.rf/gntv_or_sync_fifo.gcx.clkx/wr_pntr_cdc_inst/dest_graysync_ff_reg[0][8]}]] 10.000
Requirement: 10.000ns
Endpoints: 9

From Clock            To Clock              Endpoint Pin                    Reference Pin                   Corner  Actual(ns)  Slack(ns)
--------------------  --------------------  ------------------------------  ------------------------------  ------  ----------  ---------
BIT_CLK_P[0]          clk_out1_base_mb_clk_wiz_1_0
                                            base_mb_i/maroc_dc_0/inst/USR_LOGIC/CC_FIFO/U0/inst_fifo_gen/gconvfifo.rf/grf.rf/gntv_or_sync_fifo.gcx.clkx/wr_pntr_cdc_inst/dest_graysync_ff_reg[0][1]/D
                                                                            base_mb_i/maroc_dc_0/inst/USR_LOGIC/CC_FIFO/U0/inst_fifo_gen/gconvfifo.rf/grf.rf/gntv_or_sync_fifo.gcx.clkx/wr_pntr_cdc_inst/dest_graysync_ff_reg[0][2]/D
                                                                                                            Slow         0.845      9.155


Slack (MET) :             9.155ns  (requirement - actual skew)
  Endpoint Source:        base_mb_i/maroc_dc_0/inst/USR_LOGIC/CC_FIFO/U0/inst_fifo_gen/gconvfifo.rf/grf.rf/gntv_or_sync_fifo.gcx.clkx/wr_pntr_cdc_inst/src_gray_ff_reg[1]/C
                            (rising edge-triggered cell FDRE clocked by BIT_CLK_P[0])
  Endpoint Destination:   base_mb_i/maroc_dc_0/inst/USR_LOGIC/CC_FIFO/U0/inst_fifo_gen/gconvfifo.rf/grf.rf/gntv_or_sync_fifo.gcx.clkx/wr_pntr_cdc_inst/dest_graysync_ff_reg[0][1]/D
                            (rising edge-triggered cell FDRE clocked by clk_out1_base_mb_clk_wiz_1_0)
  Reference Source:       base_mb_i/maroc_dc_0/inst/USR_LOGIC/CC_FIFO/U0/inst_fifo_gen/gconvfifo.rf/grf.rf/gntv_or_sync_fifo.gcx.clkx/wr_pntr_cdc_inst/src_gray_ff_reg[2]/C
                            (rising edge-triggered cell FDRE clocked by BIT_CLK_P[0])
  Reference Destination:  base_mb_i/maroc_dc_0/inst/USR_LOGIC/CC_FIFO/U0/inst_fifo_gen/gconvfifo.rf/grf.rf/gntv_or_sync_fifo.gcx.clkx/wr_pntr_cdc_inst/dest_graysync_ff_reg[0][2]/D
                            (rising edge-triggered cell FDRE clocked by clk_out1_base_mb_clk_wiz_1_0)
  Path Type:              Bus Skew (Max at Slow Process Corner)
  Requirement:            10.000ns
  Endpoint Relative Delay:    6.873ns
  Reference Relative Delay:   5.170ns
  Relative CRPR:              1.056ns
  Uncertainty:                0.199ns
  Actual Bus Skew:            0.845ns  (Endpoint Relative Delay - Reference Relative Delay - Relative CRPR + Uncertainty)

Endpoint path:
    Location             Delay type                Incr(ns)  Path(ns)    Netlist Resource(s)
  -------------------------------------------------------------------    -------------------
                         (clock BIT_CLK_P[0] rise edge)
                                                      0.000     0.000 r  
    V16                                               0.000     0.000 r  BIT_CLK_P[0] (IN)
                         net (fo=0)                   0.000     0.000    base_mb_i/in_buf_ds_adcbitclk/inst/in_p
    V16                  IBUFDS (Prop_ibufds_I_O)     1.072     1.072 r  base_mb_i/in_buf_ds_adcbitclk/inst/IBUFDS_inst/O
                         net (fo=1, routed)           4.663     5.736    base_mb_i/in_buf_ds_adcbitclk/outp__0
    BUFGCTRL_X0Y2        BUFG (Prop_bufg_I_O)         0.120     5.856 r  base_mb_i/in_buf_ds_adcbitclk/outp_BUFG_inst/O
                         net (fo=198, routed)         1.783     7.639    base_mb_i/maroc_dc_0/inst/USR_LOGIC/CC_FIFO/U0/inst_fifo_gen/gconvfifo.rf/grf.rf/gntv_or_sync_fifo.gcx.clkx/wr_pntr_cdc_inst/src_clk
    SLICE_X62Y40         FDRE                                         r  base_mb_i/maroc_dc_0/inst/USR_LOGIC/CC_FIFO/U0/inst_fifo_gen/gconvfifo.rf/grf.rf/gntv_or_sync_fifo.gcx.clkx/wr_pntr_cdc_inst/src_gray_ff_reg[1]/C
  -------------------------------------------------------------------    -------------------
    SLICE_X62Y40         FDRE (Prop_fdre_C_Q)         0.282     7.921 r  base_mb_i/maroc_dc_0/inst/USR_LOGIC/CC_FIFO/U0/inst_fifo_gen/gconvfifo.rf/grf.rf/gntv_or_sync_fifo.gcx.clkx/wr_pntr_cdc_inst/src_gray_ff_reg[1]/Q
                         net (fo=1, routed)           0.499     8.420    base_mb_i/maroc_dc_0/inst/USR_LOGIC/CC_FIFO/U0/inst_fifo_gen/gconvfifo.rf/grf.rf/gntv_or_sync_fifo.gcx.clkx/wr_pntr_cdc_inst/async_path[1]
    SLICE_X59Y42         FDRE                                         r  base_mb_i/maroc_dc_0/inst/USR_LOGIC/CC_FIFO/U0/inst_fifo_gen/gconvfifo.rf/grf.rf/gntv_or_sync_fifo.gcx.clkx/wr_pntr_cdc_inst/dest_graysync_ff_reg[0][1]/D
  -------------------------------------------------------------------    -------------------

                         (clock clk_out1_base_mb_clk_wiz_1_0 rise edge)
                                                      0.000     0.000 r  
    BUFGCTRL_X0Y21       BUFG                         0.000     0.000 r  base_mb_i/wrc_board_quabo_Light_0/U0/cmp_xwrc_board_quabo/cmp_xwrc_platform/gen_default_plls.gen_kintex7_default_plls.cmp_clk_sys_buf_o/O
                         net (fo=4841, routed)        1.447     1.447    base_mb_i/clk_wiz_1/inst/clk_in1
    MMCME2_ADV_X1Y2      MMCME2_ADV (Prop_mmcme2_adv_CLKIN1_CLKOUT0)
                                                     -3.098    -1.651 r  base_mb_i/clk_wiz_1/inst/mmcm_adv_inst/CLKOUT0
                         net (fo=1, routed)           1.540    -0.111    base_mb_i/clk_wiz_1/inst/clk_out1_base_mb_clk_wiz_1_0
    BUFGCTRL_X0Y4        BUFG (Prop_bufg_I_O)         0.113     0.002 r  base_mb_i/clk_wiz_1/inst/clkout1_buf/O
                         net (fo=13661, routed)       1.666     1.668    base_mb_i/maroc_dc_0/inst/USR_LOGIC/CC_FIFO/U0/inst_fifo_gen/gconvfifo.rf/grf.rf/gntv_or_sync_fifo.gcx.clkx/wr_pntr_cdc_inst/dest_clk
    SLICE_X59Y42         FDRE                                         r  base_mb_i/maroc_dc_0/inst/USR_LOGIC/CC_FIFO/U0/inst_fifo_gen/gconvfifo.rf/grf.rf/gntv_or_sync_fifo.gcx.clkx/wr_pntr_cdc_inst/dest_graysync_ff_reg[0][1]/C
                         clock pessimism              0.000     1.668    
    SLICE_X59Y42         FDRE (Setup_fdre_C_D)       -0.121     1.547    base_mb_i/maroc_dc_0/inst/USR_LOGIC/CC_FIFO/U0/inst_fifo_gen/gconvfifo.rf/grf.rf/gntv_or_sync_fifo.gcx.clkx/wr_pntr_cdc_inst/dest_graysync_ff_reg[0][1]
  -------------------------------------------------------------------
                         data arrival                           8.420    
                         clock arrival                          1.547    
  -------------------------------------------------------------------
                         relative delay                         6.873    

Reference path:
    Location             Delay type                Incr(ns)  Path(ns)    Netlist Resource(s)
  -------------------------------------------------------------------    -------------------
                         (clock BIT_CLK_P[0] rise edge)
                                                      0.000     0.000 r  
    V16                                               0.000     0.000 r  BIT_CLK_P[0] (IN)
                         net (fo=0)                   0.000     0.000    base_mb_i/in_buf_ds_adcbitclk/inst/in_p
    V16                  IBUFDS (Prop_ibufds_I_O)     0.954     0.954 r  base_mb_i/in_buf_ds_adcbitclk/inst/IBUFDS_inst/O
                         net (fo=1, routed)           3.912     4.866    base_mb_i/in_buf_ds_adcbitclk/outp__0
    BUFGCTRL_X0Y2        BUFG (Prop_bufg_I_O)         0.113     4.979 r  base_mb_i/in_buf_ds_adcbitclk/outp_BUFG_inst/O
                         net (fo=198, routed)         1.666     6.645    base_mb_i/maroc_dc_0/inst/USR_LOGIC/CC_FIFO/U0/inst_fifo_gen/gconvfifo.rf/grf.rf/gntv_or_sync_fifo.gcx.clkx/wr_pntr_cdc_inst/src_clk
    SLICE_X61Y39         FDRE                                         r  base_mb_i/maroc_dc_0/inst/USR_LOGIC/CC_FIFO/U0/inst_fifo_gen/gconvfifo.rf/grf.rf/gntv_or_sync_fifo.gcx.clkx/wr_pntr_cdc_inst/src_gray_ff_reg[2]/C
  -------------------------------------------------------------------    -------------------
    SLICE_X61Y39         FDRE (Prop_fdre_C_Q)         0.216     6.861 r  base_mb_i/maroc_dc_0/inst/USR_LOGIC/CC_FIFO/U0/inst_fifo_gen/gconvfifo.rf/grf.rf/gntv_or_sync_fifo.gcx.clkx/wr_pntr_cdc_inst/src_gray_ff_reg[2]/Q
                         net (fo=1, routed)           0.302     7.163    base_mb_i/maroc_dc_0/inst/USR_LOGIC/CC_FIFO/U0/inst_fifo_gen/gconvfifo.rf/grf.rf/gntv_or_sync_fifo.gcx.clkx/wr_pntr_cdc_inst/async_path[2]
    SLICE_X58Y39         FDRE                                         r  base_mb_i/maroc_dc_0/inst/USR_LOGIC/CC_FIFO/U0/inst_fifo_gen/gconvfifo.rf/grf.rf/gntv_or_sync_fifo.gcx.clkx/wr_pntr_cdc_inst/dest_graysync_ff_reg[0][2]/D
  -------------------------------------------------------------------    -------------------

                         (clock clk_out1_base_mb_clk_wiz_1_0 rise edge)
                                                      0.000     0.000 r  
    BUFGCTRL_X0Y21       BUFG                         0.000     0.000 r  base_mb_i/wrc_board_quabo_Light_0/U0/cmp_xwrc_board_quabo/cmp_xwrc_platform/gen_default_plls.gen_kintex7_default_plls.cmp_clk_sys_buf_o/O
                         net (fo=4841, routed)        1.575     1.575    base_mb_i/clk_wiz_1/inst/clk_in1
    MMCME2_ADV_X1Y2      MMCME2_ADV (Prop_mmcme2_adv_CLKIN1_CLKOUT0)
                                                     -3.315    -1.740 r  base_mb_i/clk_wiz_1/inst/mmcm_adv_inst/CLKOUT0
                         net (fo=1, routed)           1.622    -0.118    base_mb_i/clk_wiz_1/inst/clk_out1_base_mb_clk_wiz_1_0
    BUFGCTRL_X0Y4        BUFG (Prop_bufg_I_O)         0.120     0.002 r  base_mb_i/clk_wiz_1/inst/clkout1_buf/O
                         net (fo=13661, routed)       1.779     1.781    base_mb_i/maroc_dc_0/inst/USR_LOGIC/CC_FIFO/U0/inst_fifo_gen/gconvfifo.rf/grf.rf/gntv_or_sync_fifo.gcx.clkx/wr_pntr_cdc_inst/dest_clk
    SLICE_X58Y39         FDRE                                         r  base_mb_i/maroc_dc_0/inst/USR_LOGIC/CC_FIFO/U0/inst_fifo_gen/gconvfifo.rf/grf.rf/gntv_or_sync_fifo.gcx.clkx/wr_pntr_cdc_inst/dest_graysync_ff_reg[0][2]/C
                         clock pessimism              0.000     1.781    
    SLICE_X58Y39         FDRE (Hold_fdre_C_D)         0.212     1.993    base_mb_i/maroc_dc_0/inst/USR_LOGIC/CC_FIFO/U0/inst_fifo_gen/gconvfifo.rf/grf.rf/gntv_or_sync_fifo.gcx.clkx/wr_pntr_cdc_inst/dest_graysync_ff_reg[0][2]
  -------------------------------------------------------------------
                         data arrival                           7.163    
                         clock arrival                          1.993    
  -------------------------------------------------------------------
                         relative delay                         5.170    



