#-----------------------------------------------------------
# Webtalk v2018.3 (64-bit)
# SW Build 2405991 on Thu Dec  6 23:36:41 MST 2018
# 
# Start of session at: Fri Nov 15 10:43:53 2019
# Process ID: 11635
# Current directory: /media/wei/DATA/LW/quabo_V008/quabo3_Viv20183.sdk/WS3_WR/webtalk
# Command line: wbtcv -mode batch -source sdk_webtalk.tcl
# Log file: /media/wei/DATA/LW/quabo_V008/quabo3_Viv20183.sdk/WS3_WR/webtalk/webtalk.log
# Journal file: /media/wei/DATA/LW/quabo_V008/quabo3_Viv20183.sdk/WS3_WR/webtalk/webtalk.jou
#-----------------------------------------------------------
source sdk_webtalk.tcl
# webtalk_init -webtalk_dir /media/wei/DATA/LW/quabo_V008/quabo3_Viv20183.sdk/WS3_WR/webtalk
# webtalk_register_client -client project
# webtalk_add_data -client project -key date_generated -value "2019-11-15 10:43:52" -context "software_version_and_target_device"
# webtalk_add_data -client project -key product_version -value "SDK v2018.3" -context "software_version_and_target_device"
# webtalk_add_data -client project -key build_version -value "2018.3" -context "software_version_and_target_device"
# webtalk_add_data -client project -key os_platform -value "amd64" -context "software_version_and_target_device"
# webtalk_add_data -client project -key registration_id -value "211461594_0_0_907" -context "software_version_and_target_device"
# webtalk_add_data -client project -key tool_flow -value "SDK" -context "software_version_and_target_device"
# webtalk_add_data -client project -key beta -value "false" -context "software_version_and_target_device"
# webtalk_add_data -client project -key route_design -value "NA" -context "software_version_and_target_device"
# webtalk_add_data -client project -key target_family -value "NA" -context "software_version_and_target_device"
# webtalk_add_data -client project -key target_device -value "NA" -context "software_version_and_target_device"
# webtalk_add_data -client project -key target_package -value "NA" -context "software_version_and_target_device"
# webtalk_add_data -client project -key target_speed -value "NA" -context "software_version_and_target_device"
# webtalk_add_data -client project -key random_id -value "7q9fi2m97dkilo8s1k4sdot46t" -context "software_version_and_target_device"
# webtalk_add_data -client project -key project_id -value "2018.3_136" -context "software_version_and_target_device"
# webtalk_add_data -client project -key project_iteration -value "136" -context "software_version_and_target_device"
# webtalk_add_data -client project -key os_name -value "Ubuntu" -context "user_environment"
# webtalk_add_data -client project -key os_release -value "Ubuntu 18.04.3 LTS" -context "user_environment"
# webtalk_add_data -client project -key cpu_name -value "Intel(R) Core(TM) i7-8750H CPU @ 2.20GHz" -context "user_environment"
# webtalk_add_data -client project -key cpu_speed -value "1777.485 MHz" -context "user_environment"
# webtalk_add_data -client project -key total_processors -value "1" -context "user_environment"
# webtalk_add_data -client project -key system_ram -value "25.127 GB" -context "user_environment"
# webtalk_register_client -client sdk
# webtalk_add_data -client sdk -key uid -value "1573841917000" -context "sdk\\\\bsp/1573841917000"
# webtalk_add_data -client sdk -key hwid -value "1573769038000" -context "sdk\\\\bsp/1573841917000"
# webtalk_add_data -client sdk -key os -value "freertos10_xilinx" -context "sdk\\\\bsp/1573841917000"
# webtalk_add_data -client sdk -key apptemplate -value "null" -context "sdk\\\\bsp/1573841917000"
# webtalk_add_data -client sdk -key RecordType -value "BSPCreation" -context "sdk\\\\bsp/1573841917000"
# webtalk_add_data -client sdk -key uid -value "1573841946000" -context "sdk\\\\bsp/1573841946000"
# webtalk_add_data -client sdk -key hwid -value "1573769038000" -context "sdk\\\\bsp/1573841946000"
# webtalk_add_data -client sdk -key os -value "standalone" -context "sdk\\\\bsp/1573841946000"
# webtalk_add_data -client sdk -key apptemplate -value "null" -context "sdk\\\\bsp/1573841946000"
# webtalk_add_data -client sdk -key RecordType -value "BSPCreation" -context "sdk\\\\bsp/1573841946000"
# webtalk_add_data -client sdk -key uid -value "1573842759000" -context "sdk\\\\bsp/1573842759000"
# webtalk_add_data -client sdk -key hwid -value "1573769038000" -context "sdk\\\\bsp/1573842759000"
# webtalk_add_data -client sdk -key os -value "freertos10_xilinx" -context "sdk\\\\bsp/1573842759000"
# webtalk_add_data -client sdk -key apptemplate -value "null" -context "sdk\\\\bsp/1573842759000"
# webtalk_add_data -client sdk -key RecordType -value "BSPCreation" -context "sdk\\\\bsp/1573842759000"
# webtalk_add_data -client sdk -key uid -value "NA" -context "sdk\\\\bsp/1573843432179"
# webtalk_add_data -client sdk -key RecordType -value "ToolUsage" -context "sdk\\\\bsp/1573843432179"
# webtalk_add_data -client sdk -key BootgenCount -value "0" -context "sdk\\\\bsp/1573843432179"
# webtalk_add_data -client sdk -key DebugCount -value "0" -context "sdk\\\\bsp/1573843432179"
# webtalk_add_data -client sdk -key PerfCount -value "0" -context "sdk\\\\bsp/1573843432179"
# webtalk_add_data -client sdk -key FlashCount -value "0" -context "sdk\\\\bsp/1573843432179"
# webtalk_add_data -client sdk -key CrossTriggCount -value "0" -context "sdk\\\\bsp/1573843432179"
# webtalk_add_data -client sdk -key QemuDebugCount -value "0" -context "sdk\\\\bsp/1573843432179"
# webtalk_transmit -clientid 967563273 -regid "211461594_0_0_907" -xml /media/wei/DATA/LW/quabo_V008/quabo3_Viv20183.sdk/WS3_WR/webtalk/usage_statistics_ext_sdk.xml -html /media/wei/DATA/LW/quabo_V008/quabo3_Viv20183.sdk/WS3_WR/webtalk/usage_statistics_ext_sdk.html -wdm /media/wei/DATA/LW/quabo_V008/quabo3_Viv20183.sdk/WS3_WR/webtalk/sdk_webtalk.wdm -intro "<H3>SDK Usage Report</H3><BR>"
INFO: [Common 17-186] '/media/wei/DATA/LW/quabo_V008/quabo3_Viv20183.sdk/WS3_WR/webtalk/usage_statistics_ext_sdk.xml' has been successfully sent to Xilinx on Fri Nov 15 10:43:58 2019. For additional details about this file, please refer to the WebTalk help file at /home/wei/Software/Vivado/install/SDK/2018.3/doc/webtalk_introduction.html.
# webtalk_terminate
INFO: [Common 17-206] Exiting Webtalk at Fri Nov 15 10:43:58 2019...
